<?xml version="1.0" encoding="UTF-8"?>
<!-- Generated by org.testng.reporters.JUnitXMLReporter -->
<testsuite ignored="0" hostname="DESKTOP-IA9V266" failures="2" tests="4" name="Personal Loan" time="21.774" errors="0" timestamp="2024-03-20T05:03:19 GMT">
  <testcase classname="SeleniumFramework2.Data.CartMainRun" name="CartMainRun" time="1.279">
    <skipped/>
  </testcase> <!-- CartMainRun -->
  <testcase classname="SeleniumFramework2.Data.CartMainRun" name="CartMainRun" time="0.741">
    <failure type="java.lang.AssertionError" message="expected [Incorrect email or password.] but found [Login Successfully]">
      <![CDATA[java.lang.AssertionError: expected [Incorrect email or password.] but found [Login Successfully]
at SeleniumFramework2.Data.CartMainRun.CartMainRun(CartMainRun.java:52)
at java.base/java.util.ArrayList.forEach(ArrayList.java:1596)
... Removed 35 stack frames]]>
    </failure>
  </testcase> <!-- CartMainRun -->
  <testcase classname="SeleniumFramework2.Data.CartMainRun" name="CartMainRun" time="0.846">
    <skipped/>
  </testcase> <!-- CartMainRun -->
  <testcase classname="SeleniumFramework2.Data.CartMainRun" name="CartMainRun" time="0.337">
    <failure type="org.openqa.selenium.StaleElementReferenceException" message="stale element reference: stale element not found
  (Session info: chrome=122.0.6261.113)
For documentation on this error, please visit: https://www.selenium.dev/documentation/webdriver/troubleshooting/errors#stale-element-reference-exception
Build info: version: &amp;apos;4.18.1&amp;apos;, revision: &amp;apos;b1d3319b48&amp;apos;
System info: os.name: &amp;apos;Windows 10&amp;apos;, os.arch: &amp;apos;amd64&amp;apos;, os.version: &amp;apos;10.0&amp;apos;, java.version: &amp;apos;21.0.2&amp;apos;
Driver info: org.openqa.selenium.chrome.ChromeDriver
Command: [5c689e688f020cd4e5916a1aece0cabd, clearElement {id=f.7E815D671A8B071157937CF73946DBA5.d.F0AC57A2696D413295D468E5847080CA.e.4}]
Capabilities {acceptInsecureCerts: false, browserName: chrome, browserVersion: 122.0.6261.113, chrome: {chromedriverVersion: 122.0.6261.128 (f18a44fedeb..., userDataDir: C:\Users\Dell\AppData\Local...}, fedcm:accounts: true, goog:chromeOptions: {debuggerAddress: localhost:64029}, networkConnectionEnabled: false, pageLoadStrategy: normal, platformName: windows, proxy: Proxy(), se:cdp: ws://localhost:64029/devtoo..., se:cdpVersion: 122.0.6261.113, setWindowRect: true, strictFileInteractability: false, timeouts: {implicit: 0, pageLoad: 300000, script: 30000}, unhandledPromptBehavior: dismiss and notify, webauthn:extension:credBlob: true, webauthn:extension:largeBlob: true, webauthn:extension:minPinLength: true, webauthn:extension:prf: true, webauthn:virtualAuthenticators: true}
Element: [[ChromeDriver: chrome on windows (5c689e688f020cd4e5916a1aece0cabd)] -&amp;gt; id: userEmail]
Session ID: 5c689e688f020cd4e5916a1aece0cabd">
      <![CDATA[org.openqa.selenium.StaleElementReferenceException: stale element reference: stale element not found
  (Session info: chrome=122.0.6261.113)
For documentation on this error, please visit: https://www.selenium.dev/documentation/webdriver/troubleshooting/errors#stale-element-reference-exception
Build info: version: '4.18.1', revision: 'b1d3319b48'
System info: os.name: 'Windows 10', os.arch: 'amd64', os.version: '10.0', java.version: '21.0.2'
Driver info: org.openqa.selenium.chrome.ChromeDriver
Command: [5c689e688f020cd4e5916a1aece0cabd, clearElement {id=f.7E815D671A8B071157937CF73946DBA5.d.F0AC57A2696D413295D468E5847080CA.e.4}]
Capabilities {acceptInsecureCerts: false, browserName: chrome, browserVersion: 122.0.6261.113, chrome: {chromedriverVersion: 122.0.6261.128 (f18a44fedeb..., userDataDir: C:\Users\Dell\AppData\Local...}, fedcm:accounts: true, goog:chromeOptions: {debuggerAddress: localhost:64029}, networkConnectionEnabled: false, pageLoadStrategy: normal, platformName: windows, proxy: Proxy(), se:cdp: ws://localhost:64029/devtoo..., se:cdpVersion: 122.0.6261.113, setWindowRect: true, strictFileInteractability: false, timeouts: {implicit: 0, pageLoad: 300000, script: 30000}, unhandledPromptBehavior: dismiss and notify, webauthn:extension:credBlob: true, webauthn:extension:largeBlob: true, webauthn:extension:minPinLength: true, webauthn:extension:prf: true, webauthn:virtualAuthenticators: true}
Element: [[ChromeDriver: chrome on windows (5c689e688f020cd4e5916a1aece0cabd)] -> id: userEmail]
Session ID: 5c689e688f020cd4e5916a1aece0cabd
at org.openqa.selenium.remote.ErrorCodec.decode(ErrorCodec.java:167)
at org.openqa.selenium.remote.codec.w3c.W3CHttpResponseCodec.decode(W3CHttpResponseCodec.java:138)
at org.openqa.selenium.remote.codec.w3c.W3CHttpResponseCodec.decode(W3CHttpResponseCodec.java:50)
at org.openqa.selenium.remote.HttpCommandExecutor.execute(HttpCommandExecutor.java:190)
at org.openqa.selenium.remote.service.DriverCommandExecutor.invokeExecute(DriverCommandExecutor.java:216)
at org.openqa.selenium.remote.service.DriverCommandExecutor.execute(DriverCommandExecutor.java:174)
at org.openqa.selenium.remote.RemoteWebDriver.execute(RemoteWebDriver.java:519)
at org.openqa.selenium.remote.RemoteWebElement.execute(RemoteWebElement.java:223)
at org.openqa.selenium.remote.RemoteWebElement.clear(RemoteWebElement.java:129)
at org.openqa.selenium.support.pagefactory.internal.LocatingElementHandler.invoke(LocatingElementHandler.java:51)
at jdk.proxy2/jdk.proxy2.$Proxy12.clear(Unknown Source)
at SeleniumFramework2.Data.LoginInfo.Login(LoginInfo.java:50)
at SeleniumFramework2.Data.CartMainRun.CartMainRun(CartMainRun.java:50)
at java.base/java.util.ArrayList.forEach(ArrayList.java:1596)
... Removed 34 stack frames]]>
    </failure>
  </testcase> <!-- CartMainRun -->
</testsuite> <!-- Personal Loan -->
